
> @homeflow/backend@1.0.0 start:prod
> node dist/main

[32m[Nest] 20860  - [39m08/16/2025, 1:19:59 AM [32m    LOG[39m [38;5;3m[NestFactory] [39m[32mStarting Nest application...[39m
[32m[Nest] 20860  - [39m08/16/2025, 1:19:59 AM [32m    LOG[39m [38;5;3m[InstanceLoader] [39m[32mAppModule dependencies initialized[39m[38;5;3m +12ms[39m
[32m[Nest] 20860  - [39m08/16/2025, 1:19:59 AM [32m    LOG[39m [38;5;3m[InstanceLoader] [39m[32mPrismaModule dependencies initialized[39m[38;5;3m +0ms[39m
[32m[Nest] 20860  - [39m08/16/2025, 1:19:59 AM [32m    LOG[39m [38;5;3m[InstanceLoader] [39m[32mPassportModule dependencies initialized[39m[38;5;3m +0ms[39m
[32m[Nest] 20860  - [39m08/16/2025, 1:19:59 AM [32m    LOG[39m [38;5;3m[InstanceLoader] [39m[32mThrottlerModule dependencies initialized[39m[38;5;3m +0ms[39m
[32m[Nest] 20860  - [39m08/16/2025, 1:19:59 AM [32m    LOG[39m [38;5;3m[InstanceLoader] [39m[32mConfigHostModule dependencies initialized[39m[38;5;3m +0ms[39m
[32m[Nest] 20860  - [39m08/16/2025, 1:19:59 AM [32m    LOG[39m [38;5;3m[InstanceLoader] [39m[32mWinstonModule dependencies initialized[39m[38;5;3m +0ms[39m
[32m[Nest] 20860  - [39m08/16/2025, 1:19:59 AM [32m    LOG[39m [38;5;3m[InstanceLoader] [39m[32mUsersModule dependencies initialized[39m[38;5;3m +0ms[39m
[32m[Nest] 20860  - [39m08/16/2025, 1:19:59 AM [32m    LOG[39m [38;5;3m[InstanceLoader] [39m[32mDiscoveryModule dependencies initialized[39m[38;5;3m +0ms[39m
[32m[Nest] 20860  - [39m08/16/2025, 1:19:59 AM [32m    LOG[39m [38;5;3m[InstanceLoader] [39m[32mConfigModule dependencies initialized[39m[38;5;3m +0ms[39m
[32m[Nest] 20860  - [39m08/16/2025, 1:19:59 AM [32m    LOG[39m [38;5;3m[InstanceLoader] [39m[32mConfigModule dependencies initialized[39m[38;5;3m +0ms[39m
[32m[Nest] 20860  - [39m08/16/2025, 1:19:59 AM [32m    LOG[39m [38;5;3m[InstanceLoader] [39m[32mScheduleModule dependencies initialized[39m[38;5;3m +1ms[39m
[32m[Nest] 20860  - [39m08/16/2025, 1:19:59 AM [32m    LOG[39m [38;5;3m[InstanceLoader] [39m[32mJwtModule dependencies initialized[39m[38;5;3m +3ms[39m
[32m[Nest] 20860  - [39m08/16/2025, 1:19:59 AM [32m    LOG[39m [38;5;3m[InstanceLoader] [39m[32mListingsModule dependencies initialized[39m[38;5;3m +0ms[39m
[32m[Nest] 20860  - [39m08/16/2025, 1:19:59 AM [32m    LOG[39m [38;5;3m[InstanceLoader] [39m[32mAuthModule dependencies initialized[39m[38;5;3m +1ms[39m
[32m[Nest] 20860  - [39m08/16/2025, 1:19:59 AM [32m    LOG[39m [38;5;3m[RoutesResolver] [39m[32mAuthController {/api/v1/auth}:[39m[38;5;3m +13ms[39m
[32m[Nest] 20860  - [39m08/16/2025, 1:19:59 AM [32m    LOG[39m [38;5;3m[RouterExplorer] [39m[32mMapped {/api/v1/auth/register, POST} route[39m[38;5;3m +1ms[39m
[32m[Nest] 20860  - [39m08/16/2025, 1:19:59 AM [32m    LOG[39m [38;5;3m[RouterExplorer] [39m[32mMapped {/api/v1/auth/login, POST} route[39m[38;5;3m +0ms[39m
[32m[Nest] 20860  - [39m08/16/2025, 1:19:59 AM [32m    LOG[39m [38;5;3m[RouterExplorer] [39m[32mMapped {/api/v1/auth/refresh, POST} route[39m[38;5;3m +1ms[39m
[32m[Nest] 20860  - [39m08/16/2025, 1:19:59 AM [32m    LOG[39m [38;5;3m[RouterExplorer] [39m[32mMapped {/api/v1/auth/logout, POST} route[39m[38;5;3m +0ms[39m
[32m[Nest] 20860  - [39m08/16/2025, 1:19:59 AM [32m    LOG[39m [38;5;3m[RouterExplorer] [39m[32mMapped {/api/v1/auth/forgot-password, POST} route[39m[38;5;3m +0ms[39m
[32m[Nest] 20860  - [39m08/16/2025, 1:19:59 AM [32m    LOG[39m [38;5;3m[RouterExplorer] [39m[32mMapped {/api/v1/auth/reset-password, POST} route[39m[38;5;3m +0ms[39m
[32m[Nest] 20860  - [39m08/16/2025, 1:19:59 AM [32m    LOG[39m [38;5;3m[RouterExplorer] [39m[32mMapped {/api/v1/auth/profile, GET} route[39m[38;5;3m +0ms[39m
[32m[Nest] 20860  - [39m08/16/2025, 1:19:59 AM [32m    LOG[39m [38;5;3m[NestApplication] [39m[32mNest application successfully started[39m[38;5;3m +36ms[39m
🚀 HomeFlow API is running on: http://localhost:3001
📚 API Documentation: http://localhost:3001/api/docs
